<?xml version="1.0" encoding="UTF-8"?>
<!-- Generated by org.testng.reporters.JUnitXMLReporter -->
<testsuite hostname="DESKTOP-73G0TGN" ignored="0" name="Test" tests="2" failures="1" timestamp="2022-11-29T10:01:06 IST" time="83.098" errors="0">
  <testcase name="login" time="6.729" classname="test.TestCaseExecution"/>
  <testcase name="myInfo" time="0.08" classname="test.TestCaseExecution">
    <failure type="java.lang.NullPointerException">
      <![CDATA[java.lang.NullPointerException
at test.TestCaseExecution.myInfo(TestCaseExecution.java:35)
at java.util.ArrayList.forEach(ArrayList.java:1259)
... Removed 27 stack frames]]>
    </failure>
  </testcase> <!-- myInfo -->
</testsuite> <!-- Test -->
