<?xml version="1.0" encoding="UTF-8"?>
<testng-results skipped="0" failed="1" ignored="0" total="2" passed="1">
  <reporter-output>
  </reporter-output>
  <suite name="Suite" duration-ms="73631" started-at="2022-11-27T09:32:42 IST" finished-at="2022-11-27T09:33:55 IST">
    <groups>
    </groups>
    <test name="Test" duration-ms="73631" started-at="2022-11-27T09:32:42 IST" finished-at="2022-11-27T09:33:55 IST">
      <class name="test.TestCaseExecution">
        <test-method status="PASS" signature="start()[pri:0, instance:test.TestCaseExecution@1d8db5a]" name="start" is-config="true" duration-ms="21027" started-at="2022-11-27T09:32:42 IST" finished-at="2022-11-27T09:33:03 IST">
          <reporter-output>
          </reporter-output>
        </test-method> <!-- start -->
        <test-method status="PASS" signature="setup()[pri:0, instance:test.TestCaseExecution@1d8db5a]" name="setup" is-config="true" duration-ms="25737" started-at="2022-11-27T09:33:03 IST" finished-at="2022-11-27T09:33:29 IST">
          <reporter-output>
          </reporter-output>
        </test-method> <!-- setup -->
        <test-method status="PASS" signature="login()[pri:1, instance:test.TestCaseExecution@1d8db5a]" name="login" duration-ms="6196" started-at="2022-11-27T09:33:29 IST" finished-at="2022-11-27T09:33:35 IST">
          <reporter-output>
          </reporter-output>
        </test-method> <!-- login -->
        <test-method status="PASS" signature="teardown()[pri:0, instance:test.TestCaseExecution@1d8db5a]" name="teardown" is-config="true" duration-ms="6083" started-at="2022-11-27T09:33:35 IST" finished-at="2022-11-27T09:33:41 IST">
          <reporter-output>
          </reporter-output>
        </test-method> <!-- teardown -->
        <test-method status="PASS" signature="setup()[pri:0, instance:test.TestCaseExecution@1d8db5a]" name="setup" is-config="true" duration-ms="13102" started-at="2022-11-27T09:33:41 IST" finished-at="2022-11-27T09:33:54 IST">
          <reporter-output>
          </reporter-output>
        </test-method> <!-- setup -->
        <test-method status="FAIL" signature="myInfo()[pri:2, instance:test.TestCaseExecution@1d8db5a]" name="myInfo" duration-ms="190" started-at="2022-11-27T09:33:54 IST" finished-at="2022-11-27T09:33:54 IST">
          <exception class="java.lang.NullPointerException">
            <full-stacktrace>
              <![CDATA[java.lang.NullPointerException
at test.TestCaseExecution.myInfo(TestCaseExecution.java:35)
at sun.reflect.NativeMethodAccessorImpl.invoke0(Native Method)
at sun.reflect.NativeMethodAccessorImpl.invoke(NativeMethodAccessorImpl.java:62)
at sun.reflect.DelegatingMethodAccessorImpl.invoke(DelegatingMethodAccessorImpl.java:43)
at java.lang.reflect.Method.invoke(Method.java:498)
at org.testng.internal.MethodInvocationHelper.invokeMethod(MethodInvocationHelper.java:133)
at org.testng.internal.TestInvoker.invokeMethod(TestInvoker.java:598)
at org.testng.internal.TestInvoker.invokeTestMethod(TestInvoker.java:173)
at org.testng.internal.MethodRunner.runInSequence(MethodRunner.java:46)
at org.testng.internal.TestInvoker$MethodInvocationAgent.invoke(TestInvoker.java:824)
at org.testng.internal.TestInvoker.invokeTestMethods(TestInvoker.java:146)
at org.testng.internal.TestMethodWorker.invokeTestMethods(TestMethodWorker.java:146)
at org.testng.internal.TestMethodWorker.run(TestMethodWorker.java:128)
at java.util.ArrayList.forEach(ArrayList.java:1259)
at org.testng.TestRunner.privateRun(TestRunner.java:794)
at org.testng.TestRunner.run(TestRunner.java:596)
at org.testng.SuiteRunner.runTest(SuiteRunner.java:377)
at org.testng.SuiteRunner.runSequentially(SuiteRunner.java:371)
at org.testng.SuiteRunner.privateRun(SuiteRunner.java:332)
at org.testng.SuiteRunner.run(SuiteRunner.java:276)
at org.testng.SuiteRunnerWorker.runSuite(SuiteRunnerWorker.java:53)
at org.testng.SuiteRunnerWorker.run(SuiteRunnerWorker.java:96)
at org.testng.TestNG.runSuitesSequentially(TestNG.java:1212)
at org.testng.TestNG.runSuitesLocally(TestNG.java:1134)
at org.testng.TestNG.runSuites(TestNG.java:1063)
at org.testng.TestNG.run(TestNG.java:1031)
at org.testng.remote.AbstractRemoteTestNG.run(AbstractRemoteTestNG.java:115)
at org.testng.remote.RemoteTestNG.initAndRun(RemoteTestNG.java:251)
at org.testng.remote.RemoteTestNG.main(RemoteTestNG.java:77)
]]>
            </full-stacktrace>
          </exception> <!-- java.lang.NullPointerException -->
          <reporter-output>
          </reporter-output>
        </test-method> <!-- myInfo -->
        <test-method status="PASS" signature="teardown()[pri:0, instance:test.TestCaseExecution@1d8db5a]" name="teardown" is-config="true" duration-ms="833" started-at="2022-11-27T09:33:54 IST" finished-at="2022-11-27T09:33:55 IST">
          <reporter-output>
          </reporter-output>
        </test-method> <!-- teardown -->
        <test-method status="PASS" signature="stop()[pri:0, instance:test.TestCaseExecution@1d8db5a]" name="stop" is-config="true" duration-ms="298" started-at="2022-11-27T09:33:55 IST" finished-at="2022-11-27T09:33:55 IST">
          <reporter-output>
          </reporter-output>
        </test-method> <!-- stop -->
      </class> <!-- test.TestCaseExecution -->
    </test> <!-- Test -->
  </suite> <!-- Suite -->
</testng-results>
